cl : command line  warning D9035: option 'Gm' has been deprecated and will be removed in a future release
  Model.cpp
  Main.cpp
E:\Gameloft\proiect_2015\NewTrainingFramework_2015_MYWORK\NewTrainingFramework\Vertex.h(6,10): error C3646: 'pos': unknown override specifier
E:\Gameloft\proiect_2015\NewTrainingFramework_2015_MYWORK\NewTrainingFramework\Vertex.h(6,13): error C4430: missing type specifier - int assumed. Note: C++ does not support default-int
E:\Gameloft\proiect_2015\NewTrainingFramework_2015_MYWORK\NewTrainingFramework\Vertex.h(7,10): error C3646: 'norm': unknown override specifier
E:\Gameloft\proiect_2015\NewTrainingFramework_2015_MYWORK\NewTrainingFramework\Vertex.h(7,14): error C4430: missing type specifier - int assumed. Note: C++ does not support default-int
E:\Gameloft\proiect_2015\NewTrainingFramework_2015_MYWORK\NewTrainingFramework\Vertex.h(8,10): error C3646: 'binorm': unknown override specifier
E:\Gameloft\proiect_2015\NewTrainingFramework_2015_MYWORK\NewTrainingFramework\Vertex.h(8,16): error C4430: missing type specifier - int assumed. Note: C++ does not support default-int
E:\Gameloft\proiect_2015\NewTrainingFramework_2015_MYWORK\NewTrainingFramework\Vertex.h(9,10): error C3646: 'tgt': unknown override specifier
E:\Gameloft\proiect_2015\NewTrainingFramework_2015_MYWORK\NewTrainingFramework\Vertex.h(9,13): error C4430: missing type specifier - int assumed. Note: C++ does not support default-int
E:\Gameloft\proiect_2015\NewTrainingFramework_2015_MYWORK\NewTrainingFramework\Vertex.h(10,10): error C3646: 'uv': unknown override specifier
E:\Gameloft\proiect_2015\NewTrainingFramework_2015_MYWORK\NewTrainingFramework\Vertex.h(10,12): error C4430: missing type specifier - int assumed. Note: C++ does not support default-int
E:\Gameloft\proiect_2015\NewTrainingFramework_2015_MYWORK\NewTrainingFramework\Vertex.h(11,10): error C3646: 'color': unknown override specifier
E:\Gameloft\proiect_2015\NewTrainingFramework_2015_MYWORK\NewTrainingFramework\Vertex.h(11,15): error C4430: missing type specifier - int assumed. Note: C++ does not support default-int
E:\Gameloft\proiect_2015\NewTrainingFramework_2015_MYWORK\NewTrainingFramework\fast_obj.h(291,12): warning C4996: 'fopen': This function or variable may be unsafe. Consider using fopen_s instead. To disable deprecation, use _CRT_SECURE_NO_WARNINGS. See online help for details.
E:\Gameloft\proiect_2015\NewTrainingFramework_2015_MYWORK\NewTrainingFramework\Main.cpp(100,18): error C2039: 'pos': is not a member of 'Vertex'
E:\Gameloft\proiect_2015\NewTrainingFramework_2015_MYWORK\NewTrainingFramework\NfgParser.h(14): message : see declaration of 'Vertex'
E:\Gameloft\proiect_2015\NewTrainingFramework_2015_MYWORK\NewTrainingFramework\Main.cpp(100,50): error C2039: 'pos': is not a member of 'Vertex'
E:\Gameloft\proiect_2015\NewTrainingFramework_2015_MYWORK\NewTrainingFramework\NfgParser.h(14): message : see declaration of 'Vertex'
E:\Gameloft\proiect_2015\NewTrainingFramework_2015_MYWORK\NewTrainingFramework\Main.cpp(100,83): error C2039: 'pos': is not a member of 'Vertex'
E:\Gameloft\proiect_2015\NewTrainingFramework_2015_MYWORK\NewTrainingFramework\NfgParser.h(14): message : see declaration of 'Vertex'
E:\Gameloft\proiect_2015\NewTrainingFramework_2015_MYWORK\NewTrainingFramework\Main.cpp(101,18): error C2039: 'pos': is not a member of 'Vertex'
E:\Gameloft\proiect_2015\NewTrainingFramework_2015_MYWORK\NewTrainingFramework\NfgParser.h(14): message : see declaration of 'Vertex'
E:\Gameloft\proiect_2015\NewTrainingFramework_2015_MYWORK\NewTrainingFramework\Main.cpp(101,50): error C2039: 'pos': is not a member of 'Vertex'
E:\Gameloft\proiect_2015\NewTrainingFramework_2015_MYWORK\NewTrainingFramework\NfgParser.h(14): message : see declaration of 'Vertex'
E:\Gameloft\proiect_2015\NewTrainingFramework_2015_MYWORK\NewTrainingFramework\Main.cpp(101,83): error C2039: 'pos': is not a member of 'Vertex'
E:\Gameloft\proiect_2015\NewTrainingFramework_2015_MYWORK\NewTrainingFramework\NfgParser.h(14): message : see declaration of 'Vertex'
E:\Gameloft\proiect_2015\NewTrainingFramework_2015_MYWORK\NewTrainingFramework\Main.cpp(102,18): error C2039: 'pos': is not a member of 'Vertex'
E:\Gameloft\proiect_2015\NewTrainingFramework_2015_MYWORK\NewTrainingFramework\NfgParser.h(14): message : see declaration of 'Vertex'
E:\Gameloft\proiect_2015\NewTrainingFramework_2015_MYWORK\NewTrainingFramework\Main.cpp(102,50): error C2039: 'pos': is not a member of 'Vertex'
E:\Gameloft\proiect_2015\NewTrainingFramework_2015_MYWORK\NewTrainingFramework\NfgParser.h(14): message : see declaration of 'Vertex'
E:\Gameloft\proiect_2015\NewTrainingFramework_2015_MYWORK\NewTrainingFramework\Main.cpp(102,83): error C2039: 'pos': is not a member of 'Vertex'
E:\Gameloft\proiect_2015\NewTrainingFramework_2015_MYWORK\NewTrainingFramework\NfgParser.h(14): message : see declaration of 'Vertex'
E:\Gameloft\proiect_2015\NewTrainingFramework_2015_MYWORK\NewTrainingFramework\Main.cpp(103,18): error C2039: 'pos': is not a member of 'Vertex'
E:\Gameloft\proiect_2015\NewTrainingFramework_2015_MYWORK\NewTrainingFramework\NfgParser.h(14): message : see declaration of 'Vertex'
E:\Gameloft\proiect_2015\NewTrainingFramework_2015_MYWORK\NewTrainingFramework\Main.cpp(103,50): error C2039: 'pos': is not a member of 'Vertex'
E:\Gameloft\proiect_2015\NewTrainingFramework_2015_MYWORK\NewTrainingFramework\NfgParser.h(14): message : see declaration of 'Vertex'
E:\Gameloft\proiect_2015\NewTrainingFramework_2015_MYWORK\NewTrainingFramework\Main.cpp(103,83): error C2039: 'pos': is not a member of 'Vertex'
E:\Gameloft\proiect_2015\NewTrainingFramework_2015_MYWORK\NewTrainingFramework\NfgParser.h(14): message : see declaration of 'Vertex'
E:\Gameloft\proiect_2015\NewTrainingFramework_2015_MYWORK\NewTrainingFramework\Main.cpp(105,18): error C2039: 'pos': is not a member of 'Vertex'
E:\Gameloft\proiect_2015\NewTrainingFramework_2015_MYWORK\NewTrainingFramework\NfgParser.h(14): message : see declaration of 'Vertex'
E:\Gameloft\proiect_2015\NewTrainingFramework_2015_MYWORK\NewTrainingFramework\Main.cpp(105,50): error C2039: 'pos': is not a member of 'Vertex'
E:\Gameloft\proiect_2015\NewTrainingFramework_2015_MYWORK\NewTrainingFramework\NfgParser.h(14): message : see declaration of 'Vertex'
E:\Gameloft\proiect_2015\NewTrainingFramework_2015_MYWORK\NewTrainingFramework\Main.cpp(105,83): error C2039: 'pos': is not a member of 'Vertex'
E:\Gameloft\proiect_2015\NewTrainingFramework_2015_MYWORK\NewTrainingFramework\NfgParser.h(14): message : see declaration of 'Vertex'
E:\Gameloft\proiect_2015\NewTrainingFramework_2015_MYWORK\NewTrainingFramework\Main.cpp(106,18): error C2039: 'pos': is not a member of 'Vertex'
E:\Gameloft\proiect_2015\NewTrainingFramework_2015_MYWORK\NewTrainingFramework\NfgParser.h(14): message : see declaration of 'Vertex'
E:\Gameloft\proiect_2015\NewTrainingFramework_2015_MYWORK\NewTrainingFramework\Main.cpp(106,50): error C2039: 'pos': is not a member of 'Vertex'
E:\Gameloft\proiect_2015\NewTrainingFramework_2015_MYWORK\NewTrainingFramework\NfgParser.h(14): message : see declaration of 'Vertex'
E:\Gameloft\proiect_2015\NewTrainingFramework_2015_MYWORK\NewTrainingFramework\Main.cpp(106,83): error C2039: 'pos': is not a member of 'Vertex'
E:\Gameloft\proiect_2015\NewTrainingFramework_2015_MYWORK\NewTrainingFramework\NfgParser.h(14): message : see declaration of 'Vertex'
E:\Gameloft\proiect_2015\NewTrainingFramework_2015_MYWORK\NewTrainingFramework\Main.cpp(107,18): error C2039: 'pos': is not a member of 'Vertex'
E:\Gameloft\proiect_2015\NewTrainingFramework_2015_MYWORK\NewTrainingFramework\NfgParser.h(14): message : see declaration of 'Vertex'
E:\Gameloft\proiect_2015\NewTrainingFramework_2015_MYWORK\NewTrainingFramework\Main.cpp(107,50): error C2039: 'pos': is not a member of 'Vertex'
E:\Gameloft\proiect_2015\NewTrainingFramework_2015_MYWORK\NewTrainingFramework\NfgParser.h(14): message : see declaration of 'Vertex'
E:\Gameloft\proiect_2015\NewTrainingFramework_2015_MYWORK\NewTrainingFramework\Main.cpp(107,83): error C2039: 'pos': is not a member of 'Vertex'
E:\Gameloft\proiect_2015\NewTrainingFramework_2015_MYWORK\NewTrainingFramework\NfgParser.h(14): message : see declaration of 'Vertex'
E:\Gameloft\proiect_2015\NewTrainingFramework_2015_MYWORK\NewTrainingFramework\Main.cpp(108,18): error C2039: 'pos': is not a member of 'Vertex'
E:\Gameloft\proiect_2015\NewTrainingFramework_2015_MYWORK\NewTrainingFramework\NfgParser.h(14): message : see declaration of 'Vertex'
E:\Gameloft\proiect_2015\NewTrainingFramework_2015_MYWORK\NewTrainingFramework\Main.cpp(108,50): error C2039: 'pos': is not a member of 'Vertex'
E:\Gameloft\proiect_2015\NewTrainingFramework_2015_MYWORK\NewTrainingFramework\NfgParser.h(14): message : see declaration of 'Vertex'
E:\Gameloft\proiect_2015\NewTrainingFramework_2015_MYWORK\NewTrainingFramework\Main.cpp(108,83): error C2039: 'pos': is not a member of 'Vertex'
E:\Gameloft\proiect_2015\NewTrainingFramework_2015_MYWORK\NewTrainingFramework\NfgParser.h(14): message : see declaration of 'Vertex'
E:\Gameloft\proiect_2015\NewTrainingFramework_2015_MYWORK\NewTrainingFramework\Main.cpp(110,18): error C2039: 'pos': is not a member of 'Vertex'
E:\Gameloft\proiect_2015\NewTrainingFramework_2015_MYWORK\NewTrainingFramework\NfgParser.h(14): message : see declaration of 'Vertex'
E:\Gameloft\proiect_2015\NewTrainingFramework_2015_MYWORK\NewTrainingFramework\Main.cpp(110,51): error C2039: 'pos': is not a member of 'Vertex'
E:\Gameloft\proiect_2015\NewTrainingFramework_2015_MYWORK\NewTrainingFramework\NfgParser.h(14): message : see declaration of 'Vertex'
E:\Gameloft\proiect_2015\NewTrainingFramework_2015_MYWORK\NewTrainingFramework\Main.cpp(110,84): error C2039: 'pos': is not a member of 'Vertex'
E:\Gameloft\proiect_2015\NewTrainingFramework_2015_MYWORK\NewTrainingFramework\NfgParser.h(14): message : see declaration of 'Vertex'
E:\Gameloft\proiect_2015\NewTrainingFramework_2015_MYWORK\NewTrainingFramework\Main.cpp(111,18): error C2039: 'pos': is not a member of 'Vertex'
E:\Gameloft\proiect_2015\NewTrainingFramework_2015_MYWORK\NewTrainingFramework\NfgParser.h(14): message : see declaration of 'Vertex'
E:\Gameloft\proiect_2015\NewTrainingFramework_2015_MYWORK\NewTrainingFramework\Main.cpp(111,51): error C2039: 'pos': is not a member of 'Vertex'
E:\Gameloft\proiect_2015\NewTrainingFramework_2015_MYWORK\NewTrainingFramework\NfgParser.h(14): message : see declaration of 'Vertex'
E:\Gameloft\proiect_2015\NewTrainingFramework_2015_MYWORK\NewTrainingFramework\Main.cpp(111,84): error C2039: 'pos': is not a member of 'Vertex'
E:\Gameloft\proiect_2015\NewTrainingFramework_2015_MYWORK\NewTrainingFramework\NfgParser.h(14): message : see declaration of 'Vertex'
E:\Gameloft\proiect_2015\NewTrainingFramework_2015_MYWORK\NewTrainingFramework\Main.cpp(112,19): error C2039: 'pos': is not a member of 'Vertex'
E:\Gameloft\proiect_2015\NewTrainingFramework_2015_MYWORK\NewTrainingFramework\NfgParser.h(14): message : see declaration of 'Vertex'
E:\Gameloft\proiect_2015\NewTrainingFramework_2015_MYWORK\NewTrainingFramework\Main.cpp(112,52): error C2039: 'pos': is not a member of 'Vertex'
E:\Gameloft\proiect_2015\NewTrainingFramework_2015_MYWORK\NewTrainingFramework\NfgParser.h(14): message : see declaration of 'Vertex'
E:\Gameloft\proiect_2015\NewTrainingFramework_2015_MYWORK\NewTrainingFramework\Main.cpp(112,85): error C2039: 'pos': is not a member of 'Vertex'
E:\Gameloft\proiect_2015\NewTrainingFramework_2015_MYWORK\NewTrainingFramework\NfgParser.h(14): message : see declaration of 'Vertex'
E:\Gameloft\proiect_2015\NewTrainingFramework_2015_MYWORK\NewTrainingFramework\Main.cpp(113,19): error C2039: 'pos': is not a member of 'Vertex'
E:\Gameloft\proiect_2015\NewTrainingFramework_2015_MYWORK\NewTrainingFramework\NfgParser.h(14): message : see declaration of 'Vertex'
E:\Gameloft\proiect_2015\NewTrainingFramework_2015_MYWORK\NewTrainingFramework\Main.cpp(113,52): error C2039: 'pos': is not a member of 'Vertex'
E:\Gameloft\proiect_2015\NewTrainingFramework_2015_MYWORK\NewTrainingFramework\NfgParser.h(14): message : see declaration of 'Vertex'
E:\Gameloft\proiect_2015\NewTrainingFramework_2015_MYWORK\NewTrainingFramework\Main.cpp(113,85): error C2039: 'pos': is not a member of 'Vertex'
E:\Gameloft\proiect_2015\NewTrainingFramework_2015_MYWORK\NewTrainingFramework\NfgParser.h(14): message : see declaration of 'Vertex'
E:\Gameloft\proiect_2015\NewTrainingFramework_2015_MYWORK\NewTrainingFramework\Main.cpp(115,19): error C2039: 'pos': is not a member of 'Vertex'
E:\Gameloft\proiect_2015\NewTrainingFramework_2015_MYWORK\NewTrainingFramework\NfgParser.h(14): message : see declaration of 'Vertex'
E:\Gameloft\proiect_2015\NewTrainingFramework_2015_MYWORK\NewTrainingFramework\Main.cpp(115,52): error C2039: 'pos': is not a member of 'Vertex'
E:\Gameloft\proiect_2015\NewTrainingFramework_2015_MYWORK\NewTrainingFramework\NfgParser.h(14): message : see declaration of 'Vertex'
E:\Gameloft\proiect_2015\NewTrainingFramework_2015_MYWORK\NewTrainingFramework\Main.cpp(115,86): error C2039: 'pos': is not a member of 'Vertex'
E:\Gameloft\proiect_2015\NewTrainingFramework_2015_MYWORK\NewTrainingFramework\NfgParser.h(14): message : see declaration of 'Vertex'
E:\Gameloft\proiect_2015\NewTrainingFramework_2015_MYWORK\NewTrainingFramework\Main.cpp(116,19): error C2039: 'pos': is not a member of 'Vertex'
E:\Gameloft\proiect_2015\NewTrainingFramework_2015_MYWORK\NewTrainingFramework\NfgParser.h(14): message : see declaration of 'Vertex'
E:\Gameloft\proiect_2015\NewTrainingFramework_2015_MYWORK\NewTrainingFramework\Main.cpp(116,52): error C2039: 'pos': is not a member of 'Vertex'
E:\Gameloft\proiect_2015\NewTrainingFramework_2015_MYWORK\NewTrainingFramework\NfgParser.h(14): message : see declaration of 'Vertex'
E:\Gameloft\proiect_2015\NewTrainingFramework_2015_MYWORK\NewTrainingFramework\Main.cpp(116,86): error C2039: 'pos': is not a member of 'Vertex'
E:\Gameloft\proiect_2015\NewTrainingFramework_2015_MYWORK\NewTrainingFramework\NfgParser.h(14): message : see declaration of 'Vertex'
E:\Gameloft\proiect_2015\NewTrainingFramework_2015_MYWORK\NewTrainingFramework\Main.cpp(117,19): error C2039: 'pos': is not a member of 'Vertex'
E:\Gameloft\proiect_2015\NewTrainingFramework_2015_MYWORK\NewTrainingFramework\NfgParser.h(14): message : see declaration of 'Vertex'
E:\Gameloft\proiect_2015\NewTrainingFramework_2015_MYWORK\NewTrainingFramework\Main.cpp(117,52): error C2039: 'pos': is not a member of 'Vertex'
E:\Gameloft\proiect_2015\NewTrainingFramework_2015_MYWORK\NewTrainingFramework\NfgParser.h(14): message : see declaration of 'Vertex'
E:\Gameloft\proiect_2015\NewTrainingFramework_2015_MYWORK\NewTrainingFramework\Main.cpp(117,86): error C2039: 'pos': is not a member of 'Vertex'
E:\Gameloft\proiect_2015\NewTrainingFramework_2015_MYWORK\NewTrainingFramework\NfgParser.h(14): message : see declaration of 'Vertex'
E:\Gameloft\proiect_2015\NewTrainingFramework_2015_MYWORK\NewTrainingFramework\Main.cpp(118,19): error C2039: 'pos': is not a member of 'Vertex'
E:\Gameloft\proiect_2015\NewTrainingFramework_2015_MYWORK\NewTrainingFramework\NfgParser.h(14): message : see declaration of 'Vertex'
E:\Gameloft\proiect_2015\NewTrainingFramework_2015_MYWORK\NewTrainingFramework\Main.cpp(118,52): error C2039: 'pos': is not a member of 'Vertex'
E:\Gameloft\proiect_2015\NewTrainingFramework_2015_MYWORK\NewTrainingFramework\NfgParser.h(14): message : see declaration of 'Vertex'
E:\Gameloft\proiect_2015\NewTrainingFramework_2015_MYWORK\NewTrainingFramework\Main.cpp(118,86): error C2039: 'pos': is not a member of 'Vertex'
E:\Gameloft\proiect_2015\NewTrainingFramework_2015_MYWORK\NewTrainingFramework\NfgParser.h(14): message : see declaration of 'Vertex'
E:\Gameloft\proiect_2015\NewTrainingFramework_2015_MYWORK\NewTrainingFramework\Main.cpp(120,19): error C2039: 'pos': is not a member of 'Vertex'
E:\Gameloft\proiect_2015\NewTrainingFramework_2015_MYWORK\NewTrainingFramework\NfgParser.h(14): message : see declaration of 'Vertex'
E:\Gameloft\proiect_2015\NewTrainingFramework_2015_MYWORK\NewTrainingFramework\Main.cpp(120,53): error C2039: 'pos': is not a member of 'Vertex'
E:\Gameloft\proiect_2015\NewTrainingFramework_2015_MYWORK\NewTrainingFramework\NfgParser.h(14): message : see declaration of 'Vertex'
E:\Gameloft\proiect_2015\NewTrainingFramework_2015_MYWORK\NewTrainingFramework\Main.cpp(120,86): error C2039: 'pos': is not a member of 'Vertex'
E:\Gameloft\proiect_2015\NewTrainingFramework_2015_MYWORK\NewTrainingFramework\NfgParser.h(14): message : see declaration of 'Vertex'
E:\Gameloft\proiect_2015\NewTrainingFramework_2015_MYWORK\NewTrainingFramework\Main.cpp(121,19): error C2039: 'pos': is not a member of 'Vertex'
E:\Gameloft\proiect_2015\NewTrainingFramework_2015_MYWORK\NewTrainingFramework\NfgParser.h(14): message : see declaration of 'Vertex'
E:\Gameloft\proiect_2015\NewTrainingFramework_2015_MYWORK\NewTrainingFramework\Main.cpp(121,53): error C2039: 'pos': is not a member of 'Vertex'
E:\Gameloft\proiect_2015\NewTrainingFramework_2015_MYWORK\NewTrainingFramework\NfgParser.h(14): message : see declaration of 'Vertex'
E:\Gameloft\proiect_2015\NewTrainingFramework_2015_MYWORK\NewTrainingFramework\Main.cpp(121,86): error C2039: 'pos': is not a member of 'Vertex'
E:\Gameloft\proiect_2015\NewTrainingFramework_2015_MYWORK\NewTrainingFramework\NfgParser.h(14): message : see declaration of 'Vertex'
E:\Gameloft\proiect_2015\NewTrainingFramework_2015_MYWORK\NewTrainingFramework\Main.cpp(122,19): error C2039: 'pos': is not a member of 'Vertex'
E:\Gameloft\proiect_2015\NewTrainingFramework_2015_MYWORK\NewTrainingFramework\NfgParser.h(14): message : see declaration of 'Vertex'
E:\Gameloft\proiect_2015\NewTrainingFramework_2015_MYWORK\NewTrainingFramework\Main.cpp(122,53): error C2039: 'pos': is not a member of 'Vertex'
E:\Gameloft\proiect_2015\NewTrainingFramework_2015_MYWORK\NewTrainingFramework\NfgParser.h(14): message : see declaration of 'Vertex'
E:\Gameloft\proiect_2015\NewTrainingFramework_2015_MYWORK\NewTrainingFramework\Main.cpp(122,86): error C2039: 'pos': is not a member of 'Vertex'
E:\Gameloft\proiect_2015\NewTrainingFramework_2015_MYWORK\NewTrainingFramework\NfgParser.h(14): message : see declaration of 'Vertex'
E:\Gameloft\proiect_2015\NewTrainingFramework_2015_MYWORK\NewTrainingFramework\Main.cpp(123,19): error C2039: 'pos': is not a member of 'Vertex'
E:\Gameloft\proiect_2015\NewTrainingFramework_2015_MYWORK\NewTrainingFramework\NfgParser.h(14): message : see declaration of 'Vertex'
E:\Gameloft\proiect_2015\NewTrainingFramework_2015_MYWORK\NewTrainingFramework\Main.cpp(123,53): error C2039: 'pos': is not a member of 'Vertex'
E:\Gameloft\proiect_2015\NewTrainingFramework_2015_MYWORK\NewTrainingFramework\NfgParser.h(14): message : see declaration of 'Vertex'
E:\Gameloft\proiect_2015\NewTrainingFramework_2015_MYWORK\NewTrainingFramework\Main.cpp(123,86): error C2039: 'pos': is not a member of 'Vertex'
E:\Gameloft\proiect_2015\NewTrainingFramework_2015_MYWORK\NewTrainingFramework\NfgParser.h(14): message : see declaration of 'Vertex'
E:\Gameloft\proiect_2015\NewTrainingFramework_2015_MYWORK\NewTrainingFramework\Main.cpp(125,19): error C2039: 'pos': is not a member of 'Vertex'
E:\Gameloft\proiect_2015\NewTrainingFramework_2015_MYWORK\NewTrainingFramework\NfgParser.h(14): message : see declaration of 'Vertex'
E:\Gameloft\proiect_2015\NewTrainingFramework_2015_MYWORK\NewTrainingFramework\Main.cpp(125,52): error C2039: 'pos': is not a member of 'Vertex'
E:\Gameloft\proiect_2015\NewTrainingFramework_2015_MYWORK\NewTrainingFramework\NfgParser.h(14): message : see declaration of 'Vertex'
E:\Gameloft\proiect_2015\NewTrainingFramework_2015_MYWORK\NewTrainingFramework\Main.cpp(125,86): error C2039: 'pos': is not a member of 'Vertex'
E:\Gameloft\proiect_2015\NewTrainingFramework_2015_MYWORK\NewTrainingFramework\NfgParser.h(14): message : see declaration of 'Vertex'
E:\Gameloft\proiect_2015\NewTrainingFramework_2015_MYWORK\NewTrainingFramework\Main.cpp(126,19): error C2039: 'pos': is not a member of 'Vertex'
E:\Gameloft\proiect_2015\NewTrainingFramework_2015_MYWORK\NewTrainingFramework\NfgParser.h(14): message : see declaration of 'Vertex'
E:\Gameloft\proiect_2015\NewTrainingFramework_2015_MYWORK\NewTrainingFramework\Main.cpp(126,52): error C2039: 'pos': is not a member of 'Vertex'
E:\Gameloft\proiect_2015\NewTrainingFramework_2015_MYWORK\NewTrainingFramework\NfgParser.h(14): message : see declaration of 'Vertex'
E:\Gameloft\proiect_2015\NewTrainingFramework_2015_MYWORK\NewTrainingFramework\Main.cpp(126,86): error C2039: 'pos': is not a member of 'Vertex'
E:\Gameloft\proiect_2015\NewTrainingFramework_2015_MYWORK\NewTrainingFramework\NfgParser.h(14): message : see declaration of 'Vertex'
E:\Gameloft\proiect_2015\NewTrainingFramework_2015_MYWORK\NewTrainingFramework\Main.cpp(127,19): error C2039: 'pos': is not a member of 'Vertex'
E:\Gameloft\proiect_2015\NewTrainingFramework_2015_MYWORK\NewTrainingFramework\NfgParser.h(14): message : see declaration of 'Vertex'
E:\Gameloft\proiect_2015\NewTrainingFramework_2015_MYWORK\NewTrainingFramework\Main.cpp(127,52): error C2039: 'pos': is not a member of 'Vertex'
E:\Gameloft\proiect_2015\NewTrainingFramework_2015_MYWORK\NewTrainingFramework\NfgParser.h(14): message : see declaration of 'Vertex'
E:\Gameloft\proiect_2015\NewTrainingFramework_2015_MYWORK\NewTrainingFramework\Main.cpp(127,86): error C2039: 'pos': is not a member of 'Vertex'
E:\Gameloft\proiect_2015\NewTrainingFramework_2015_MYWORK\NewTrainingFramework\NfgParser.h(14): message : see declaration of 'Vertex'
E:\Gameloft\proiect_2015\NewTrainingFramework_2015_MYWORK\NewTrainingFramework\Main.cpp(128,19): error C2039: 'pos': is not a member of 'Vertex'
E:\Gameloft\proiect_2015\NewTrainingFramework_2015_MYWORK\NewTrainingFramework\NfgParser.h(14): message : see declaration of 'Vertex'
E:\Gameloft\proiect_2015\NewTrainingFramework_2015_MYWORK\NewTrainingFramework\Main.cpp(128,52): error C2039: 'pos': is not a member of 'Vertex'
E:\Gameloft\proiect_2015\NewTrainingFramework_2015_MYWORK\NewTrainingFramework\NfgParser.h(14): message : see declaration of 'Vertex'
E:\Gameloft\proiect_2015\NewTrainingFramework_2015_MYWORK\NewTrainingFramework\Main.cpp(128,86): error C2039: 'pos': is not a member of 'Vertex'
E:\Gameloft\proiect_2015\NewTrainingFramework_2015_MYWORK\NewTrainingFramework\NfgParser.h(14): message : see declaration of 'Vertex'
E:\Gameloft\proiect_2015\NewTrainingFramework_2015_MYWORK\NewTrainingFramework\Main.cpp(133,18): error C2039: 'color': is not a member of 'Vertex'
E:\Gameloft\proiect_2015\NewTrainingFramework_2015_MYWORK\NewTrainingFramework\NfgParser.h(14): message : see declaration of 'Vertex'
E:\Gameloft\proiect_2015\NewTrainingFramework_2015_MYWORK\NewTrainingFramework\Main.cpp(133,52): error C2039: 'color': is not a member of 'Vertex'
E:\Gameloft\proiect_2015\NewTrainingFramework_2015_MYWORK\NewTrainingFramework\NfgParser.h(14): message : see declaration of 'Vertex'
E:\Gameloft\proiect_2015\NewTrainingFramework_2015_MYWORK\NewTrainingFramework\Main.cpp(133,87): error C2039: 'color': is not a member of 'Vertex'
E:\Gameloft\proiect_2015\NewTrainingFramework_2015_MYWORK\NewTrainingFramework\NfgParser.h(14): message : see declaration of 'Vertex'
E:\Gameloft\proiect_2015\NewTrainingFramework_2015_MYWORK\NewTrainingFramework\Main.cpp(134,18): error C2039: 'color': is not a member of 'Vertex'
E:\Gameloft\proiect_2015\NewTrainingFramework_2015_MYWORK\NewTrainingFramework\NfgParser.h(14): message : see declaration of 'Vertex'
E:\Gameloft\proiect_2015\NewTrainingFramework_2015_MYWORK\NewTrainingFramework\Main.cpp(134,52): error C2039: 'color': is not a member of 'Vertex'
E:\Gameloft\proiect_2015\NewTrainingFramework_2015_MYWORK\NewTrainingFramework\NfgParser.h(14): message : see declaration of 'Vertex'
E:\Gameloft\proiect_2015\NewTrainingFramework_2015_MYWORK\NewTrainingFramework\Main.cpp(134,87): error C2039: 'color': is not a member of 'Vertex'
E:\Gameloft\proiect_2015\NewTrainingFramework_2015_MYWORK\NewTrainingFramework\NfgParser.h(14): message : see declaration of 'Vertex'
E:\Gameloft\proiect_2015\NewTrainingFramework_2015_MYWORK\NewTrainingFramework\Main.cpp(135,18): error C2039: 'color': is not a member of 'Vertex'
E:\Gameloft\proiect_2015\NewTrainingFramework_2015_MYWORK\NewTrainingFramework\NfgParser.h(14): message : see declaration of 'Vertex'
E:\Gameloft\proiect_2015\NewTrainingFramework_2015_MYWORK\NewTrainingFramework\Main.cpp(135,52): error C2039: 'color': is not a member of 'Vertex'
E:\Gameloft\proiect_2015\NewTrainingFramework_2015_MYWORK\NewTrainingFramework\NfgParser.h(14): message : see declaration of 'Vertex'
E:\Gameloft\proiect_2015\NewTrainingFramework_2015_MYWORK\NewTrainingFramework\Main.cpp(135,87): error C2039: 'color': is not a member of 'Vertex'
E:\Gameloft\proiect_2015\NewTrainingFramework_2015_MYWORK\NewTrainingFramework\NfgParser.h(14): message : see declaration of 'Vertex'
E:\Gameloft\proiect_2015\NewTrainingFramework_2015_MYWORK\NewTrainingFramework\Main.cpp(136,18): error C2039: 'color': is not a member of 'Vertex'
E:\Gameloft\proiect_2015\NewTrainingFramework_2015_MYWORK\NewTrainingFramework\NfgParser.h(14): message : see declaration of 'Vertex'
E:\Gameloft\proiect_2015\NewTrainingFramework_2015_MYWORK\NewTrainingFramework\Main.cpp(136,52): error C2039: 'color': is not a member of 'Vertex'
E:\Gameloft\proiect_2015\NewTrainingFramework_2015_MYWORK\NewTrainingFramework\NfgParser.h(14): message : see declaration of 'Vertex'
E:\Gameloft\proiect_2015\NewTrainingFramework_2015_MYWORK\NewTrainingFramework\Main.cpp(136,87): error C2039: 'color': is not a member of 'Vertex'
E:\Gameloft\proiect_2015\NewTrainingFramework_2015_MYWORK\NewTrainingFramework\NfgParser.h(14): message : see declaration of 'Vertex'
E:\Gameloft\proiect_2015\NewTrainingFramework_2015_MYWORK\NewTrainingFramework\Main.cpp(138,18): error C2039: 'color': is not a member of 'Vertex'
E:\Gameloft\proiect_2015\NewTrainingFramework_2015_MYWORK\NewTrainingFramework\NfgParser.h(14): message : see declaration of 'Vertex'
E:\Gameloft\proiect_2015\NewTrainingFramework_2015_MYWORK\NewTrainingFramework\Main.cpp(138,52): error C2039: 'color': is not a member of 'Vertex'
E:\Gameloft\proiect_2015\NewTrainingFramework_2015_MYWORK\NewTrainingFramework\NfgParser.h(14): message : see declaration of 'Vertex'
E:\Gameloft\proiect_2015\NewTrainingFramework_2015_MYWORK\NewTrainingFramework\Main.cpp(138,87): error C2039: 'color': is not a member of 'Vertex'
E:\Gameloft\proiect_2015\NewTrainingFramework_2015_MYWORK\NewTrainingFramework\NfgParser.h(14): message : see declaration of 'Vertex'
E:\Gameloft\proiect_2015\NewTrainingFramework_2015_MYWORK\NewTrainingFramework\Main.cpp(139,18): error C2039: 'color': is not a member of 'Vertex'
E:\Gameloft\proiect_2015\NewTrainingFramework_2015_MYWORK\NewTrainingFramework\NfgParser.h(14): message : see declaration of 'Vertex'
E:\Gameloft\proiect_2015\NewTrainingFramework_2015_MYWORK\NewTrainingFramework\Main.cpp(139,52): error C2039: 'color': is not a member of 'Vertex'
E:\Gameloft\proiect_2015\NewTrainingFramework_2015_MYWORK\NewTrainingFramework\NfgParser.h(14): message : see declaration of 'Vertex'
E:\Gameloft\proiect_2015\NewTrainingFramework_2015_MYWORK\NewTrainingFramework\Main.cpp(139,87): error C2039: 'color': is not a member of 'Vertex'
E:\Gameloft\proiect_2015\NewTrainingFramework_2015_MYWORK\NewTrainingFramework\NfgParser.h(14): message : see declaration of 'Vertex'
E:\Gameloft\proiect_2015\NewTrainingFramework_2015_MYWORK\NewTrainingFramework\Main.cpp(140,18): error C2039: 'color': is not a member of 'Vertex'
E:\Gameloft\proiect_2015\NewTrainingFramework_2015_MYWORK\NewTrainingFramework\NfgParser.h(14): message : see declaration of 'Vertex'
E:\Gameloft\proiect_2015\NewTrainingFramework_2015_MYWORK\NewTrainingFramework\Main.cpp(140,52): error C2039: 'color': is not a member of 'Vertex'
E:\Gameloft\proiect_2015\NewTrainingFramework_2015_MYWORK\NewTrainingFramework\NfgParser.h(14): message : see declaration of 'Vertex'
E:\Gameloft\proiect_2015\NewTrainingFramework_2015_MYWORK\NewTrainingFramework\Main.cpp(140,87): error C2039: 'color': is not a member of 'Vertex'
E:\Gameloft\proiect_2015\NewTrainingFramework_2015_MYWORK\NewTrainingFramework\NfgParser.h(14): message : see declaration of 'Vertex'
E:\Gameloft\proiect_2015\NewTrainingFramework_2015_MYWORK\NewTrainingFramework\Main.cpp(141,18): error C2039: 'color': is not a member of 'Vertex'
E:\Gameloft\proiect_2015\NewTrainingFramework_2015_MYWORK\NewTrainingFramework\NfgParser.h(14): message : see declaration of 'Vertex'
E:\Gameloft\proiect_2015\NewTrainingFramework_2015_MYWORK\NewTrainingFramework\Main.cpp(141,52): error C2039: 'color': is not a member of 'Vertex'
E:\Gameloft\proiect_2015\NewTrainingFramework_2015_MYWORK\NewTrainingFramework\NfgParser.h(14): message : see declaration of 'Vertex'
E:\Gameloft\proiect_2015\NewTrainingFramework_2015_MYWORK\NewTrainingFramework\Main.cpp(141,57): fatal  error C1003: error count exceeds 100; stopping compilation
  Generating Code...
